Build started 11/24/2014 6:28:29 PM.
     1>Project "D:\Development Files\OpenGL\01_project_skeleton.vcxproj" on node 2 (build target(s)).
     1>InitializeBuildStatus:
         Creating "Debug\01_project_skeleton.unsuccessfulbuild" because "AlwaysCreate" was specified.
       ClCompile:
         D:\HDD-Program-Files\Visual Studio\VC\bin\CL.exe /c /ZI /nologo /W3 /WX- /Od /Oy- /D GLEW_STATIC /D _CRT_SECURE_NO_WARNINGS /D _MBCS /Gm /EHsc /RTC1 /MDd /GS /fp:precise /Zc:wchar_t /Zc:forScope /Fo"Debug\\" /Fd"Debug\vc100.pdb" /Gd /TP /analyze- /errorReport:prompt source\Program.cpp
         Program.cpp
       Link:
         D:\HDD-Program-Files\Visual Studio\VC\bin\link.exe /ERRORREPORT:PROMPT /OUT:"D:\Development Files\OpenGL\Debug\01_project_skeleton.exe" /NOLOGO GLFW.lib glew32s.lib opengl32.lib kernel32.lib user32.lib gdi32.lib winspool.lib comdlg32.lib advapi32.lib shell32.lib ole32.lib oleaut32.lib uuid.lib odbc32.lib odbccp32.lib /MANIFEST /ManifestFile:"Debug\01_project_skeleton.exe.intermediate.manifest" /MANIFESTUAC:"level='asInvoker' uiAccess='false'" /DEBUG /PDB:"D:\Development Files\OpenGL\Debug\01_project_skeleton.pdb" /TLBID:1 /DYNAMICBASE /NXCOMPAT /IMPLIB:"D:\Development Files\OpenGL\Debug\01_project_skeleton.lib" /MACHINE:X86 Debug\main.obj
         Debug\Program.obj
         Debug\Viewer.obj
         LINK : D:\Development Files\OpenGL\Debug\01_project_skeleton.exe not found or not built by the last incremental link; performing full link
     1>LINK : warning LNK4098: defaultlib 'MSVCRT' conflicts with use of other libs; use /NODEFAULTLIB:library
     1>LINK : warning LNK4098: defaultlib 'LIBCMT' conflicts with use of other libs; use /NODEFAULTLIB:library
     1>glew32s.lib(glew.obj) : warning LNK4204: 'D:\Development Files\OpenGL\Debug\vc100.pdb' is missing debugging information for referencing module; linking object as if no debug info
         01_project_skeleton.vcxproj -> D:\Development Files\OpenGL\Debug\01_project_skeleton.exe
       Manifest:
         C:\Program Files (x86)\Microsoft SDKs\Windows\v7.0A\bin\mt.exe /nologo /verbose /outputresource:"D:\Development Files\OpenGL\Debug\01_project_skeleton.exe;#1" /manifest Debug\01_project_skeleton.exe.intermediate.manifest
       PostBuildEvent:
         Description: Copy shaders into same directory as executable
          copy "D:\Development Files\OpenGL\source\*shader.txt" "D:\Development Files\OpenGL\Debug\\"
         :VCEnd
         D:\Development Files\OpenGL\source\fragment-shader.txt
         D:\Development Files\OpenGL\source\vertex-shader.txt
                 2 file(s) copied.
       FinalizeBuildStatus:
         Deleting file "Debug\01_project_skeleton.unsuccessfulbuild".
         Touching "Debug\01_project_skeleton.lastbuildstate".
     1>Done Building Project "D:\Development Files\OpenGL\01_project_skeleton.vcxproj" (build target(s)).

Build succeeded.

Time Elapsed 00:00:01.24
